2021-12-01 01:52:14,828: DEBUG: ---------- EasyLogger level:debug ----------
2021-12-01 01:52:14,829: DEBUG: debug
2021-12-01 01:52:14,829: INFO: info
2021-12-01 01:52:14,829: WARNING: warning
2021-12-01 01:52:14,829: ERROR: error
2021-12-01 01:52:14,829: DEBUG: 日本語の確認
2021-12-04 05:30:33,427: DEBUG: ---------- EasyLogger level:debug ----------
2021-12-04 05:30:33,427: DEBUG: debug
2021-12-04 05:30:33,428: INFO: info
2021-12-04 05:30:33,428: WARNING: warning
2021-12-04 05:30:33,428: ERROR: error
2021-12-04 05:30:33,428: DEBUG: 日本語の確認
2021-12-04 06:07:51,252: DEBUG: ---------- EasyLogger level:debug ----------
2021-12-04 06:07:51,252: DEBUG: debug
2021-12-04 06:07:51,252: INFO: info
2021-12-04 06:07:51,252: WARNING: warning
2021-12-04 06:07:51,252: ERROR: error
2021-12-04 06:07:51,252: DEBUG: 日本語の確認
2021-12-04 06:18:20,328: DEBUG: ---------- EasyLogger level:debug ----------
2021-12-04 06:18:20,329: DEBUG: debug
2021-12-04 06:18:20,329: INFO: info
2021-12-04 06:18:20,329: WARNING: warning
2021-12-04 06:18:20,329: ERROR: error
2021-12-04 06:18:20,330: DEBUG: 日本語の確認
2021-12-04 06:20:33,319: DEBUG: ---------- EasyLogger level:debug ----------
2021-12-04 06:20:33,319: DEBUG: debug
2021-12-04 06:20:33,320: INFO: info
2021-12-04 06:20:33,320: WARNING: warning
2021-12-04 06:20:33,320: ERROR: error
2021-12-04 06:20:33,320: DEBUG: 日本語の確認
2021-12-04 06:21:13,843: DEBUG: ---------- EasyLogger level:debug ----------
2021-12-04 06:21:13,843: DEBUG: debug
2021-12-04 06:21:13,844: INFO: info
2021-12-04 06:21:13,844: WARNING: warning
2021-12-04 06:21:13,844: ERROR: error
2021-12-04 06:21:13,844: DEBUG: 日本語の確認
2021-12-04 06:29:06,062: DEBUG: ---------- EasyLogger level:debug ----------
2021-12-04 06:29:06,063: DEBUG: debug
2021-12-04 06:29:06,063: INFO: info
2021-12-04 06:29:06,063: WARNING: warning
2021-12-04 06:29:06,063: ERROR: error
2021-12-04 06:29:06,063: DEBUG: 日本語の確認
2021-12-04 06:35:59,369: DEBUG: ---------- EasyLogger level:debug ----------
2021-12-04 06:35:59,370: DEBUG: debug
2021-12-04 06:35:59,370: INFO: info
2021-12-04 06:35:59,370: WARNING: warning
2021-12-04 06:35:59,370: ERROR: error
2021-12-04 06:35:59,370: DEBUG: 日本語の確認
2021-12-04 06:36:55,189: DEBUG: ---------- EasyLogger level:debug ----------
2021-12-04 06:36:55,189: DEBUG: debug
2021-12-04 06:36:55,189: INFO: info
2021-12-04 06:36:55,189: WARNING: warning
2021-12-04 06:36:55,189: ERROR: error
2021-12-04 06:36:55,190: DEBUG: 日本語の確認
2021-12-28 00:43:43,500: DEBUG: ---------- EasyLogger level:debug ----------
2021-12-28 00:43:43,520: DEBUG: debug
2021-12-28 00:43:43,521: INFO: info
2021-12-28 00:43:43,521: WARNING: warning
2021-12-28 00:43:43,521: ERROR: error
2021-12-28 00:43:43,521: DEBUG: 日本語の確認
2021-12-28 00:47:23,527: DEBUG: ---------- EasyLogger level:debug ----------
2021-12-28 00:47:23,527: DEBUG: debug
2021-12-28 00:47:23,527: INFO: info
2021-12-28 00:47:23,527: WARNING: warning
2021-12-28 00:47:23,527: ERROR: error
2021-12-28 00:47:23,528: DEBUG: 日本語の確認
2021-12-28 00:48:18,387: DEBUG: ---------- EasyLogger level:debug ----------
2021-12-28 00:48:18,387: DEBUG: debug
2021-12-28 00:48:18,388: INFO: info
2021-12-28 00:48:18,388: WARNING: warning
2021-12-28 00:48:18,388: ERROR: error
2021-12-28 00:48:18,388: DEBUG: 日本語の確認
