2021-12-04 12:14:30,999: DEBUG: ---------- 関数.get 実行 ----------
2021-12-04 12:14:31,005: DEBUG: [実行元]C:\Users\kizuk\Desktop\git\python-garage\autorun_manager\app.py 224行目 <module>
2021-12-04 12:14:31,005: DEBUG: [実行元]C:\Users\kizuk\Desktop\git\python-garage\autorun_manager\..\modules\easylogger.py 75行目 _decoration_func
2021-12-04 12:14:31,005: DEBUG: ---------- 関数.get 実行 ----------
2021-12-04 12:14:31,007: DEBUG: [実行元]C:\Users\kizuk\Desktop\git\python-garage\autorun_manager\app.py 224行目 <module>
2021-12-04 12:14:31,007: DEBUG: [実行元]C:\Users\kizuk\Desktop\git\python-garage\autorun_manager\..\modules\easylogger.py 75行目 _decoration_func
2021-12-04 12:14:31,008: DEBUG: ---------- 関数.get 実行 ----------
2021-12-04 12:14:31,010: DEBUG: [実行元]C:\Users\kizuk\Desktop\git\python-garage\autorun_manager\app.py 224行目 <module>
2021-12-04 12:14:31,010: DEBUG: [実行元]C:\Users\kizuk\Desktop\git\python-garage\autorun_manager\..\modules\easylogger.py 75行目 _decoration_func
2021-12-04 12:14:31,010: DEBUG: ---------- 関数.get 実行 ----------
2021-12-04 12:14:31,012: DEBUG: [実行元]C:\Users\kizuk\Desktop\git\python-garage\autorun_manager\app.py 224行目 <module>
2021-12-04 12:14:31,012: DEBUG: [実行元]C:\Users\kizuk\Desktop\git\python-garage\autorun_manager\..\modules\easylogger.py 75行目 _decoration_func
2021-12-04 12:14:32,535: DEBUG: ---------- 関数.ec_wait_selector 実行 ----------
2021-12-04 12:14:32,536: DEBUG: [実行元]C:\Users\kizuk\Desktop\git\python-garage\autorun_manager\app.py 224行目 <module>
2021-12-04 12:14:32,537: DEBUG: [実行元]C:\Users\kizuk\Desktop\git\python-garage\autorun_manager\..\modules\easylogger.py 75行目 _decoration_func
2021-12-04 12:14:32,537: DEBUG: ---------- 関数.ec_wait_selector 実行 ----------
2021-12-04 12:14:32,538: DEBUG: [実行元]C:\Users\kizuk\Desktop\git\python-garage\autorun_manager\app.py 224行目 <module>
2021-12-04 12:14:32,538: DEBUG: [実行元]C:\Users\kizuk\Desktop\git\python-garage\autorun_manager\..\modules\easylogger.py 75行目 _decoration_func
2021-12-04 12:14:32,538: DEBUG: ---------- 関数.ec_wait_selector 実行 ----------
2021-12-04 12:14:32,540: DEBUG: [実行元]C:\Users\kizuk\Desktop\git\python-garage\autorun_manager\app.py 224行目 <module>
2021-12-04 12:14:32,540: DEBUG: [実行元]C:\Users\kizuk\Desktop\git\python-garage\autorun_manager\..\modules\easylogger.py 75行目 _decoration_func
2021-12-04 12:14:32,540: DEBUG: ---------- 関数.ec_wait_selector 実行 ----------
2021-12-04 12:14:32,542: DEBUG: [実行元]C:\Users\kizuk\Desktop\git\python-garage\autorun_manager\app.py 224行目 <module>
2021-12-04 12:14:32,542: DEBUG: [実行元]C:\Users\kizuk\Desktop\git\python-garage\autorun_manager\..\modules\easylogger.py 75行目 _decoration_func
2021-12-04 12:14:32,542: DEBUG: ---------- 関数.ec_wait_selector 実行 ----------
2021-12-04 12:14:32,544: DEBUG: [実行元]C:\Users\kizuk\Desktop\git\python-garage\autorun_manager\app.py 224行目 <module>
2021-12-04 12:14:32,544: DEBUG: [実行元]C:\Users\kizuk\Desktop\git\python-garage\autorun_manager\..\modules\easylogger.py 75行目 _decoration_func
2021-12-04 12:14:32,889: DEBUG: ---------- 関数.get 実行 ----------
2021-12-04 12:14:32,890: DEBUG: [実行元]C:\Users\kizuk\Desktop\git\python-garage\autorun_manager\app.py 224行目 <module>
2021-12-04 12:14:32,891: DEBUG: [実行元]C:\Users\kizuk\Desktop\git\python-garage\autorun_manager\..\modules\easylogger.py 75行目 _decoration_func
2021-12-04 12:14:32,891: DEBUG: ---------- 関数.get 実行 ----------
2021-12-04 12:14:32,892: DEBUG: [実行元]C:\Users\kizuk\Desktop\git\python-garage\autorun_manager\app.py 224行目 <module>
2021-12-04 12:14:32,892: DEBUG: [実行元]C:\Users\kizuk\Desktop\git\python-garage\autorun_manager\..\modules\easylogger.py 75行目 _decoration_func
2021-12-04 12:14:32,892: DEBUG: ---------- 関数.get 実行 ----------
2021-12-04 12:14:32,894: DEBUG: [実行元]C:\Users\kizuk\Desktop\git\python-garage\autorun_manager\app.py 224行目 <module>
2021-12-04 12:14:32,894: DEBUG: [実行元]C:\Users\kizuk\Desktop\git\python-garage\autorun_manager\..\modules\easylogger.py 75行目 _decoration_func
2021-12-04 12:14:32,894: DEBUG: ---------- 関数.get 実行 ----------
2021-12-04 12:14:32,896: DEBUG: [実行元]C:\Users\kizuk\Desktop\git\python-garage\autorun_manager\app.py 224行目 <module>
2021-12-04 12:14:32,896: DEBUG: [実行元]C:\Users\kizuk\Desktop\git\python-garage\autorun_manager\..\modules\easylogger.py 75行目 _decoration_func
2021-12-04 12:14:32,896: DEBUG: ---------- 関数.get 実行 ----------
2021-12-04 12:14:32,898: DEBUG: [実行元]C:\Users\kizuk\Desktop\git\python-garage\autorun_manager\app.py 224行目 <module>
2021-12-04 12:14:32,898: DEBUG: [実行元]C:\Users\kizuk\Desktop\git\python-garage\autorun_manager\..\modules\easylogger.py 75行目 _decoration_func
2021-12-04 12:14:34,323: DEBUG: ---------- 関数.ec_wait_selector 実行 ----------
2021-12-04 12:14:34,326: DEBUG: [実行元]C:\Users\kizuk\Desktop\git\python-garage\autorun_manager\app.py 224行目 <module>
2021-12-04 12:14:34,327: DEBUG: [実行元]C:\Users\kizuk\Desktop\git\python-garage\autorun_manager\..\modules\easylogger.py 75行目 _decoration_func
2021-12-04 12:14:34,327: DEBUG: ---------- 関数.ec_wait_selector 実行 ----------
2021-12-04 12:14:34,331: DEBUG: [実行元]C:\Users\kizuk\Desktop\git\python-garage\autorun_manager\app.py 224行目 <module>
2021-12-04 12:14:34,331: DEBUG: [実行元]C:\Users\kizuk\Desktop\git\python-garage\autorun_manager\..\modules\easylogger.py 75行目 _decoration_func
2021-12-04 12:14:34,331: DEBUG: ---------- 関数.ec_wait_selector 実行 ----------
2021-12-04 12:14:34,335: DEBUG: [実行元]C:\Users\kizuk\Desktop\git\python-garage\autorun_manager\app.py 224行目 <module>
2021-12-04 12:14:34,336: DEBUG: [実行元]C:\Users\kizuk\Desktop\git\python-garage\autorun_manager\..\modules\easylogger.py 75行目 _decoration_func
2021-12-04 12:14:34,336: DEBUG: ---------- 関数.ec_wait_selector 実行 ----------
2021-12-04 12:14:34,342: DEBUG: [実行元]C:\Users\kizuk\Desktop\git\python-garage\autorun_manager\app.py 224行目 <module>
2021-12-04 12:14:34,342: DEBUG: [実行元]C:\Users\kizuk\Desktop\git\python-garage\autorun_manager\..\modules\easylogger.py 75行目 _decoration_func
2021-12-04 12:14:34,343: DEBUG: ---------- 関数.ec_wait_selector 実行 ----------
2021-12-04 12:14:34,347: DEBUG: [実行元]C:\Users\kizuk\Desktop\git\python-garage\autorun_manager\app.py 224行目 <module>
2021-12-04 12:14:34,347: DEBUG: [実行元]C:\Users\kizuk\Desktop\git\python-garage\autorun_manager\..\modules\easylogger.py 75行目 _decoration_func
2021-12-04 12:14:35,270: DEBUG: ---------- 関数.quit 実行 ----------
2021-12-04 12:14:35,274: DEBUG: [実行元]C:\Users\kizuk\Desktop\git\python-garage\autorun_manager\app.py 224行目 <module>
2021-12-04 12:14:35,274: DEBUG: [実行元]C:\Users\kizuk\Desktop\git\python-garage\autorun_manager\..\modules\easylogger.py 75行目 _decoration_func
2021-12-04 12:14:35,274: DEBUG: ---------- 関数.quit 実行 ----------
2021-12-04 12:14:35,277: DEBUG: [実行元]C:\Users\kizuk\Desktop\git\python-garage\autorun_manager\app.py 224行目 <module>
2021-12-04 12:14:35,278: DEBUG: [実行元]C:\Users\kizuk\Desktop\git\python-garage\autorun_manager\..\modules\easylogger.py 75行目 _decoration_func
2021-12-04 12:14:35,278: DEBUG: ---------- 関数.quit 実行 ----------
2021-12-04 12:14:35,281: DEBUG: [実行元]C:\Users\kizuk\Desktop\git\python-garage\autorun_manager\app.py 224行目 <module>
2021-12-04 12:14:35,281: DEBUG: [実行元]C:\Users\kizuk\Desktop\git\python-garage\autorun_manager\..\modules\easylogger.py 75行目 _decoration_func
2021-12-04 12:14:35,281: DEBUG: ---------- 関数.quit 実行 ----------
2021-12-04 12:14:35,285: DEBUG: [実行元]C:\Users\kizuk\Desktop\git\python-garage\autorun_manager\app.py 224行目 <module>
2021-12-04 12:14:35,285: DEBUG: [実行元]C:\Users\kizuk\Desktop\git\python-garage\autorun_manager\..\modules\easylogger.py 75行目 _decoration_func
2021-12-04 12:14:35,285: DEBUG: ---------- 関数.quit 実行 ----------
2021-12-04 12:14:35,288: DEBUG: [実行元]C:\Users\kizuk\Desktop\git\python-garage\autorun_manager\app.py 224行目 <module>
2021-12-04 12:14:35,289: DEBUG: [実行元]C:\Users\kizuk\Desktop\git\python-garage\autorun_manager\..\modules\easylogger.py 75行目 _decoration_func
2021-12-04 12:14:37,362: DEBUG: ---------- 関数.get 実行 ----------
2021-12-04 12:14:37,363: DEBUG: [実行元]C:\Users\kizuk\Desktop\git\python-garage\autorun_manager\app.py 224行目 <module>
2021-12-04 12:14:37,363: DEBUG: [実行元]C:\Users\kizuk\Desktop\git\python-garage\autorun_manager\..\modules\easylogger.py 75行目 _decoration_func
2021-12-04 12:14:37,363: DEBUG: ---------- 関数.get 実行 ----------
2021-12-04 12:14:37,365: DEBUG: [実行元]C:\Users\kizuk\Desktop\git\python-garage\autorun_manager\app.py 224行目 <module>
2021-12-04 12:14:37,365: DEBUG: [実行元]C:\Users\kizuk\Desktop\git\python-garage\autorun_manager\..\modules\easylogger.py 75行目 _decoration_func
2021-12-04 12:14:37,365: DEBUG: ---------- 関数.get 実行 ----------
2021-12-04 12:14:37,367: DEBUG: [実行元]C:\Users\kizuk\Desktop\git\python-garage\autorun_manager\app.py 224行目 <module>
2021-12-04 12:14:37,367: DEBUG: [実行元]C:\Users\kizuk\Desktop\git\python-garage\autorun_manager\..\modules\easylogger.py 75行目 _decoration_func
2021-12-04 12:14:37,367: DEBUG: ---------- 関数.get 実行 ----------
2021-12-04 12:14:37,369: DEBUG: [実行元]C:\Users\kizuk\Desktop\git\python-garage\autorun_manager\app.py 224行目 <module>
2021-12-04 12:14:37,369: DEBUG: [実行元]C:\Users\kizuk\Desktop\git\python-garage\autorun_manager\..\modules\easylogger.py 75行目 _decoration_func
2021-12-04 12:14:37,369: DEBUG: ---------- 関数.get 実行 ----------
2021-12-04 12:14:37,371: DEBUG: [実行元]C:\Users\kizuk\Desktop\git\python-garage\autorun_manager\app.py 224行目 <module>
2021-12-04 12:14:37,371: DEBUG: [実行元]C:\Users\kizuk\Desktop\git\python-garage\autorun_manager\..\modules\easylogger.py 75行目 _decoration_func
2021-12-04 12:29:02,527: WARNING: ##################################################
2021-12-04 12:29:02,528: WARNING: # クラス.EasySelenium 実行. 呼び出し元:C:\Users\kizuk\Desktop\git\python-garage\auto_manga_check\app.py #
2021-12-04 12:29:02,528: WARNING: ##################################################
2021-12-04 12:29:02,528: DEBUG: ---------- 関数.get 実行 ----------
2021-12-04 12:29:02,529: DEBUG: [実行元]C:\Users\kizuk\Desktop\git\python-garage\auto_manga_check\app.py 58行目 <module>
2021-12-04 12:29:02,529: DEBUG: [実行元]C:\Users\kizuk\Desktop\git\python-garage\auto_manga_check\app.py 39行目 run
2021-12-04 12:29:04,866: DEBUG: ---------- 関数.ec_wait_selector 実行 ----------
2021-12-04 12:29:04,869: DEBUG: [実行元]C:\Users\kizuk\Desktop\git\python-garage\auto_manga_check\app.py 58行目 <module>
2021-12-04 12:29:04,869: DEBUG: [実行元]C:\Users\kizuk\Desktop\git\python-garage\auto_manga_check\app.py 40行目 run
2021-12-04 12:29:05,207: DEBUG: ---------- 関数.get 実行 ----------
2021-12-04 12:29:05,208: DEBUG: [実行元]C:\Users\kizuk\Desktop\git\python-garage\auto_manga_check\app.py 58行目 <module>
2021-12-04 12:29:05,208: DEBUG: [実行元]C:\Users\kizuk\Desktop\git\python-garage\auto_manga_check\app.py 39行目 run
2021-12-04 12:29:06,845: DEBUG: ---------- 関数.ec_wait_selector 実行 ----------
2021-12-04 12:29:06,846: DEBUG: [実行元]C:\Users\kizuk\Desktop\git\python-garage\auto_manga_check\app.py 58行目 <module>
2021-12-04 12:29:06,847: DEBUG: [実行元]C:\Users\kizuk\Desktop\git\python-garage\auto_manga_check\app.py 40行目 run
2021-12-04 12:29:07,485: DEBUG: ---------- 関数.get 実行 ----------
2021-12-04 12:29:07,486: DEBUG: [実行元]C:\Users\kizuk\Desktop\git\python-garage\auto_manga_check\app.py 58行目 <module>
2021-12-04 12:29:07,487: DEBUG: [実行元]C:\Users\kizuk\Desktop\git\python-garage\auto_manga_check\app.py 39行目 run
2021-12-04 12:29:09,033: DEBUG: ---------- 関数.ec_wait_selector 実行 ----------
2021-12-04 12:29:09,035: DEBUG: [実行元]C:\Users\kizuk\Desktop\git\python-garage\auto_manga_check\app.py 58行目 <module>
2021-12-04 12:29:09,035: DEBUG: [実行元]C:\Users\kizuk\Desktop\git\python-garage\auto_manga_check\app.py 40行目 run
2021-12-04 12:29:09,515: DEBUG: ---------- 関数.get 実行 ----------
2021-12-04 12:29:09,516: DEBUG: [実行元]C:\Users\kizuk\Desktop\git\python-garage\auto_manga_check\app.py 58行目 <module>
2021-12-04 12:29:09,516: DEBUG: [実行元]C:\Users\kizuk\Desktop\git\python-garage\auto_manga_check\app.py 39行目 run
2021-12-04 12:29:11,003: DEBUG: ---------- 関数.ec_wait_selector 実行 ----------
2021-12-04 12:29:11,005: DEBUG: [実行元]C:\Users\kizuk\Desktop\git\python-garage\auto_manga_check\app.py 58行目 <module>
2021-12-04 12:29:11,005: DEBUG: [実行元]C:\Users\kizuk\Desktop\git\python-garage\auto_manga_check\app.py 40行目 run
2021-12-04 12:29:11,600: DEBUG: ---------- 関数.get 実行 ----------
2021-12-04 12:29:11,601: DEBUG: [実行元]C:\Users\kizuk\Desktop\git\python-garage\auto_manga_check\app.py 58行目 <module>
2021-12-04 12:29:11,601: DEBUG: [実行元]C:\Users\kizuk\Desktop\git\python-garage\auto_manga_check\app.py 39行目 run
2021-12-04 12:29:13,099: DEBUG: ---------- 関数.ec_wait_selector 実行 ----------
2021-12-04 12:29:13,100: DEBUG: [実行元]C:\Users\kizuk\Desktop\git\python-garage\auto_manga_check\app.py 58行目 <module>
2021-12-04 12:29:13,100: DEBUG: [実行元]C:\Users\kizuk\Desktop\git\python-garage\auto_manga_check\app.py 40行目 run
2021-12-04 12:29:13,442: DEBUG: ---------- 関数.get 実行 ----------
2021-12-04 12:29:13,444: DEBUG: [実行元]C:\Users\kizuk\Desktop\git\python-garage\auto_manga_check\app.py 58行目 <module>
2021-12-04 12:29:13,444: DEBUG: [実行元]C:\Users\kizuk\Desktop\git\python-garage\auto_manga_check\app.py 39行目 run
2021-12-04 12:29:14,939: DEBUG: ---------- 関数.ec_wait_selector 実行 ----------
2021-12-04 12:29:14,940: DEBUG: [実行元]C:\Users\kizuk\Desktop\git\python-garage\auto_manga_check\app.py 58行目 <module>
2021-12-04 12:29:14,940: DEBUG: [実行元]C:\Users\kizuk\Desktop\git\python-garage\auto_manga_check\app.py 40行目 run
2021-12-04 12:29:15,273: DEBUG: ---------- 関数.get 実行 ----------
2021-12-04 12:29:15,274: DEBUG: [実行元]C:\Users\kizuk\Desktop\git\python-garage\auto_manga_check\app.py 58行目 <module>
2021-12-04 12:29:15,274: DEBUG: [実行元]C:\Users\kizuk\Desktop\git\python-garage\auto_manga_check\app.py 39行目 run
2021-12-04 12:29:16,792: DEBUG: ---------- 関数.ec_wait_selector 実行 ----------
2021-12-04 12:29:16,794: DEBUG: [実行元]C:\Users\kizuk\Desktop\git\python-garage\auto_manga_check\app.py 58行目 <module>
2021-12-04 12:29:16,795: DEBUG: [実行元]C:\Users\kizuk\Desktop\git\python-garage\auto_manga_check\app.py 40行目 run
2021-12-04 12:29:17,186: DEBUG: ---------- 関数.get 実行 ----------
2021-12-04 12:29:17,187: DEBUG: [実行元]C:\Users\kizuk\Desktop\git\python-garage\auto_manga_check\app.py 58行目 <module>
2021-12-04 12:29:17,187: DEBUG: [実行元]C:\Users\kizuk\Desktop\git\python-garage\auto_manga_check\app.py 39行目 run
2021-12-04 12:29:18,693: DEBUG: ---------- 関数.ec_wait_selector 実行 ----------
2021-12-04 12:29:18,694: DEBUG: [実行元]C:\Users\kizuk\Desktop\git\python-garage\auto_manga_check\app.py 58行目 <module>
2021-12-04 12:29:18,695: DEBUG: [実行元]C:\Users\kizuk\Desktop\git\python-garage\auto_manga_check\app.py 40行目 run
2021-12-04 12:29:19,058: DEBUG: ---------- 関数.get 実行 ----------
2021-12-04 12:29:19,060: DEBUG: [実行元]C:\Users\kizuk\Desktop\git\python-garage\auto_manga_check\app.py 58行目 <module>
2021-12-04 12:29:19,060: DEBUG: [実行元]C:\Users\kizuk\Desktop\git\python-garage\auto_manga_check\app.py 39行目 run
2021-12-04 12:29:20,551: DEBUG: ---------- 関数.ec_wait_selector 実行 ----------
2021-12-04 12:29:20,552: DEBUG: [実行元]C:\Users\kizuk\Desktop\git\python-garage\auto_manga_check\app.py 58行目 <module>
2021-12-04 12:29:20,552: DEBUG: [実行元]C:\Users\kizuk\Desktop\git\python-garage\auto_manga_check\app.py 40行目 run
2021-12-04 12:29:20,889: DEBUG: ---------- 関数.get 実行 ----------
2021-12-04 12:29:20,890: DEBUG: [実行元]C:\Users\kizuk\Desktop\git\python-garage\auto_manga_check\app.py 58行目 <module>
2021-12-04 12:29:20,890: DEBUG: [実行元]C:\Users\kizuk\Desktop\git\python-garage\auto_manga_check\app.py 39行目 run
2021-12-04 12:29:22,426: DEBUG: ---------- 関数.ec_wait_selector 実行 ----------
2021-12-04 12:29:22,427: DEBUG: [実行元]C:\Users\kizuk\Desktop\git\python-garage\auto_manga_check\app.py 58行目 <module>
2021-12-04 12:29:22,427: DEBUG: [実行元]C:\Users\kizuk\Desktop\git\python-garage\auto_manga_check\app.py 40行目 run
2021-12-04 12:29:22,839: DEBUG: ---------- 関数.get 実行 ----------
2021-12-04 12:29:22,840: DEBUG: [実行元]C:\Users\kizuk\Desktop\git\python-garage\auto_manga_check\app.py 58行目 <module>
2021-12-04 12:29:22,840: DEBUG: [実行元]C:\Users\kizuk\Desktop\git\python-garage\auto_manga_check\app.py 39行目 run
2021-12-04 12:29:24,320: DEBUG: ---------- 関数.ec_wait_selector 実行 ----------
2021-12-04 12:29:24,322: DEBUG: [実行元]C:\Users\kizuk\Desktop\git\python-garage\auto_manga_check\app.py 58行目 <module>
2021-12-04 12:29:24,323: DEBUG: [実行元]C:\Users\kizuk\Desktop\git\python-garage\auto_manga_check\app.py 40行目 run
2021-12-04 12:29:25,915: DEBUG: ---------- 関数.get 実行 ----------
2021-12-04 12:29:25,916: DEBUG: [実行元]C:\Users\kizuk\Desktop\git\python-garage\auto_manga_check\app.py 58行目 <module>
2021-12-04 12:29:25,916: DEBUG: [実行元]C:\Users\kizuk\Desktop\git\python-garage\auto_manga_check\app.py 39行目 run
2021-12-04 12:29:27,536: DEBUG: ---------- 関数.ec_wait_selector 実行 ----------
2021-12-04 12:29:27,537: DEBUG: [実行元]C:\Users\kizuk\Desktop\git\python-garage\auto_manga_check\app.py 58行目 <module>
2021-12-04 12:29:27,537: DEBUG: [実行元]C:\Users\kizuk\Desktop\git\python-garage\auto_manga_check\app.py 40行目 run
2021-12-04 12:29:28,375: DEBUG: ---------- 関数.get 実行 ----------
2021-12-04 12:29:28,376: DEBUG: [実行元]C:\Users\kizuk\Desktop\git\python-garage\auto_manga_check\app.py 58行目 <module>
2021-12-04 12:29:28,376: DEBUG: [実行元]C:\Users\kizuk\Desktop\git\python-garage\auto_manga_check\app.py 39行目 run
2021-12-04 12:29:29,845: DEBUG: ---------- 関数.ec_wait_selector 実行 ----------
2021-12-04 12:29:29,848: DEBUG: [実行元]C:\Users\kizuk\Desktop\git\python-garage\auto_manga_check\app.py 58行目 <module>
2021-12-04 12:29:29,849: DEBUG: [実行元]C:\Users\kizuk\Desktop\git\python-garage\auto_manga_check\app.py 40行目 run
2021-12-04 12:29:30,339: DEBUG: ---------- 関数.get 実行 ----------
2021-12-04 12:29:30,340: DEBUG: [実行元]C:\Users\kizuk\Desktop\git\python-garage\auto_manga_check\app.py 58行目 <module>
2021-12-04 12:29:30,340: DEBUG: [実行元]C:\Users\kizuk\Desktop\git\python-garage\auto_manga_check\app.py 39行目 run
2021-12-04 12:29:31,803: DEBUG: ---------- 関数.ec_wait_selector 実行 ----------
2021-12-04 12:29:31,804: DEBUG: [実行元]C:\Users\kizuk\Desktop\git\python-garage\auto_manga_check\app.py 58行目 <module>
2021-12-04 12:29:31,804: DEBUG: [実行元]C:\Users\kizuk\Desktop\git\python-garage\auto_manga_check\app.py 40行目 run
2021-12-04 12:29:32,825: DEBUG: ---------- 関数.quit 実行 ----------
2021-12-04 12:29:32,826: DEBUG: [実行元]C:\Users\kizuk\Desktop\git\python-garage\auto_manga_check\app.py 58行目 <module>
2021-12-04 12:29:32,826: DEBUG: [実行元]C:\Users\kizuk\Desktop\git\python-garage\auto_manga_check\app.py 54行目 run
2021-12-04 12:29:47,448: WARNING: ##################################################
2021-12-04 12:29:47,448: WARNING: # クラス.EasySelenium 実行. 呼び出し元:C:\Users\kizuk\Desktop\git\python-garage\auto_manga_check\app.py #
2021-12-04 12:29:47,448: WARNING: ##################################################
2021-12-04 12:29:47,449: DEBUG: ---------- 関数.get 実行 ----------
2021-12-04 12:29:47,450: DEBUG: [実行元]C:\Users\kizuk\Desktop\git\python-garage\auto_manga_check\app.py 58行目 <module>
2021-12-04 12:29:47,450: DEBUG: [実行元]C:\Users\kizuk\Desktop\git\python-garage\auto_manga_check\app.py 39行目 run
2021-12-04 12:29:49,625: DEBUG: ---------- 関数.ec_wait_selector 実行 ----------
2021-12-04 12:29:49,626: DEBUG: [実行元]C:\Users\kizuk\Desktop\git\python-garage\auto_manga_check\app.py 58行目 <module>
2021-12-04 12:29:49,626: DEBUG: [実行元]C:\Users\kizuk\Desktop\git\python-garage\auto_manga_check\app.py 40行目 run
2021-12-04 12:29:49,928: DEBUG: ---------- 関数.get 実行 ----------
2021-12-04 12:29:49,929: DEBUG: [実行元]C:\Users\kizuk\Desktop\git\python-garage\auto_manga_check\app.py 58行目 <module>
2021-12-04 12:29:49,929: DEBUG: [実行元]C:\Users\kizuk\Desktop\git\python-garage\auto_manga_check\app.py 39行目 run
2021-12-04 12:29:51,538: DEBUG: ---------- 関数.ec_wait_selector 実行 ----------
2021-12-04 12:29:51,539: DEBUG: [実行元]C:\Users\kizuk\Desktop\git\python-garage\auto_manga_check\app.py 58行目 <module>
2021-12-04 12:29:51,540: DEBUG: [実行元]C:\Users\kizuk\Desktop\git\python-garage\auto_manga_check\app.py 40行目 run
2021-12-04 12:29:52,217: DEBUG: ---------- 関数.get 実行 ----------
2021-12-04 12:29:52,218: DEBUG: [実行元]C:\Users\kizuk\Desktop\git\python-garage\auto_manga_check\app.py 58行目 <module>
2021-12-04 12:29:52,218: DEBUG: [実行元]C:\Users\kizuk\Desktop\git\python-garage\auto_manga_check\app.py 39行目 run
2021-12-04 12:29:53,936: DEBUG: ---------- 関数.ec_wait_selector 実行 ----------
2021-12-04 12:29:53,939: DEBUG: [実行元]C:\Users\kizuk\Desktop\git\python-garage\auto_manga_check\app.py 58行目 <module>
2021-12-04 12:29:53,940: DEBUG: [実行元]C:\Users\kizuk\Desktop\git\python-garage\auto_manga_check\app.py 40行目 run
2021-12-04 12:29:54,519: DEBUG: ---------- 関数.get 実行 ----------
2021-12-04 12:29:54,521: DEBUG: [実行元]C:\Users\kizuk\Desktop\git\python-garage\auto_manga_check\app.py 58行目 <module>
2021-12-04 12:29:54,521: DEBUG: [実行元]C:\Users\kizuk\Desktop\git\python-garage\auto_manga_check\app.py 39行目 run
2021-12-04 12:29:56,022: DEBUG: ---------- 関数.ec_wait_selector 実行 ----------
2021-12-04 12:29:56,024: DEBUG: [実行元]C:\Users\kizuk\Desktop\git\python-garage\auto_manga_check\app.py 58行目 <module>
2021-12-04 12:29:56,024: DEBUG: [実行元]C:\Users\kizuk\Desktop\git\python-garage\auto_manga_check\app.py 40行目 run
2021-12-04 12:29:56,631: DEBUG: ---------- 関数.get 実行 ----------
2021-12-04 12:29:56,632: DEBUG: [実行元]C:\Users\kizuk\Desktop\git\python-garage\auto_manga_check\app.py 58行目 <module>
2021-12-04 12:29:56,632: DEBUG: [実行元]C:\Users\kizuk\Desktop\git\python-garage\auto_manga_check\app.py 39行目 run
2021-12-04 12:29:58,144: DEBUG: ---------- 関数.ec_wait_selector 実行 ----------
2021-12-04 12:29:58,146: DEBUG: [実行元]C:\Users\kizuk\Desktop\git\python-garage\auto_manga_check\app.py 58行目 <module>
2021-12-04 12:29:58,146: DEBUG: [実行元]C:\Users\kizuk\Desktop\git\python-garage\auto_manga_check\app.py 40行目 run
2021-12-04 12:29:58,514: DEBUG: ---------- 関数.get 実行 ----------
2021-12-04 12:29:58,515: DEBUG: [実行元]C:\Users\kizuk\Desktop\git\python-garage\auto_manga_check\app.py 58行目 <module>
2021-12-04 12:29:58,515: DEBUG: [実行元]C:\Users\kizuk\Desktop\git\python-garage\auto_manga_check\app.py 39行目 run
2021-12-04 12:30:00,085: DEBUG: ---------- 関数.ec_wait_selector 実行 ----------
2021-12-04 12:30:00,089: DEBUG: [実行元]C:\Users\kizuk\Desktop\git\python-garage\auto_manga_check\app.py 58行目 <module>
2021-12-04 12:30:00,089: DEBUG: [実行元]C:\Users\kizuk\Desktop\git\python-garage\auto_manga_check\app.py 40行目 run
2021-12-04 12:30:00,464: DEBUG: ---------- 関数.get 実行 ----------
2021-12-04 12:30:00,465: DEBUG: [実行元]C:\Users\kizuk\Desktop\git\python-garage\auto_manga_check\app.py 58行目 <module>
2021-12-04 12:30:00,465: DEBUG: [実行元]C:\Users\kizuk\Desktop\git\python-garage\auto_manga_check\app.py 39行目 run
2021-12-04 12:30:01,939: DEBUG: ---------- 関数.ec_wait_selector 実行 ----------
2021-12-04 12:30:01,941: DEBUG: [実行元]C:\Users\kizuk\Desktop\git\python-garage\auto_manga_check\app.py 58行目 <module>
2021-12-04 12:30:01,941: DEBUG: [実行元]C:\Users\kizuk\Desktop\git\python-garage\auto_manga_check\app.py 40行目 run
2021-12-04 12:30:02,297: DEBUG: ---------- 関数.get 実行 ----------
2021-12-04 12:30:02,297: DEBUG: [実行元]C:\Users\kizuk\Desktop\git\python-garage\auto_manga_check\app.py 58行目 <module>
2021-12-04 12:30:02,297: DEBUG: [実行元]C:\Users\kizuk\Desktop\git\python-garage\auto_manga_check\app.py 39行目 run
2021-12-04 12:30:03,761: DEBUG: ---------- 関数.ec_wait_selector 実行 ----------
2021-12-04 12:30:03,762: DEBUG: [実行元]C:\Users\kizuk\Desktop\git\python-garage\auto_manga_check\app.py 58行目 <module>
2021-12-04 12:30:03,763: DEBUG: [実行元]C:\Users\kizuk\Desktop\git\python-garage\auto_manga_check\app.py 40行目 run
2021-12-04 12:30:04,168: DEBUG: ---------- 関数.get 実行 ----------
2021-12-04 12:30:04,169: DEBUG: [実行元]C:\Users\kizuk\Desktop\git\python-garage\auto_manga_check\app.py 58行目 <module>
2021-12-04 12:30:04,169: DEBUG: [実行元]C:\Users\kizuk\Desktop\git\python-garage\auto_manga_check\app.py 39行目 run
2021-12-04 12:30:05,683: DEBUG: ---------- 関数.ec_wait_selector 実行 ----------
2021-12-04 12:30:05,685: DEBUG: [実行元]C:\Users\kizuk\Desktop\git\python-garage\auto_manga_check\app.py 58行目 <module>
2021-12-04 12:30:05,685: DEBUG: [実行元]C:\Users\kizuk\Desktop\git\python-garage\auto_manga_check\app.py 40行目 run
2021-12-04 12:30:06,047: DEBUG: ---------- 関数.get 実行 ----------
2021-12-04 12:30:06,047: DEBUG: [実行元]C:\Users\kizuk\Desktop\git\python-garage\auto_manga_check\app.py 58行目 <module>
2021-12-04 12:30:06,048: DEBUG: [実行元]C:\Users\kizuk\Desktop\git\python-garage\auto_manga_check\app.py 39行目 run
2021-12-04 12:30:07,582: DEBUG: ---------- 関数.ec_wait_selector 実行 ----------
2021-12-04 12:30:07,583: DEBUG: [実行元]C:\Users\kizuk\Desktop\git\python-garage\auto_manga_check\app.py 58行目 <module>
2021-12-04 12:30:07,583: DEBUG: [実行元]C:\Users\kizuk\Desktop\git\python-garage\auto_manga_check\app.py 40行目 run
2021-12-04 12:30:07,972: DEBUG: ---------- 関数.get 実行 ----------
2021-12-04 12:30:07,973: DEBUG: [実行元]C:\Users\kizuk\Desktop\git\python-garage\auto_manga_check\app.py 58行目 <module>
2021-12-04 12:30:07,973: DEBUG: [実行元]C:\Users\kizuk\Desktop\git\python-garage\auto_manga_check\app.py 39行目 run
2021-12-04 12:30:09,483: DEBUG: ---------- 関数.ec_wait_selector 実行 ----------
2021-12-04 12:30:09,485: DEBUG: [実行元]C:\Users\kizuk\Desktop\git\python-garage\auto_manga_check\app.py 58行目 <module>
2021-12-04 12:30:09,485: DEBUG: [実行元]C:\Users\kizuk\Desktop\git\python-garage\auto_manga_check\app.py 40行目 run
2021-12-04 12:30:11,168: DEBUG: ---------- 関数.get 実行 ----------
2021-12-04 12:30:11,169: DEBUG: [実行元]C:\Users\kizuk\Desktop\git\python-garage\auto_manga_check\app.py 58行目 <module>
2021-12-04 12:30:11,169: DEBUG: [実行元]C:\Users\kizuk\Desktop\git\python-garage\auto_manga_check\app.py 39行目 run
2021-12-04 12:30:12,784: DEBUG: ---------- 関数.ec_wait_selector 実行 ----------
2021-12-04 12:30:12,785: DEBUG: [実行元]C:\Users\kizuk\Desktop\git\python-garage\auto_manga_check\app.py 58行目 <module>
2021-12-04 12:30:12,785: DEBUG: [実行元]C:\Users\kizuk\Desktop\git\python-garage\auto_manga_check\app.py 40行目 run
2021-12-04 12:30:13,642: DEBUG: ---------- 関数.get 実行 ----------
2021-12-04 12:30:13,643: DEBUG: [実行元]C:\Users\kizuk\Desktop\git\python-garage\auto_manga_check\app.py 58行目 <module>
2021-12-04 12:30:13,643: DEBUG: [実行元]C:\Users\kizuk\Desktop\git\python-garage\auto_manga_check\app.py 39行目 run
2021-12-04 12:30:15,118: DEBUG: ---------- 関数.ec_wait_selector 実行 ----------
2021-12-04 12:30:15,119: DEBUG: [実行元]C:\Users\kizuk\Desktop\git\python-garage\auto_manga_check\app.py 58行目 <module>
2021-12-04 12:30:15,120: DEBUG: [実行元]C:\Users\kizuk\Desktop\git\python-garage\auto_manga_check\app.py 40行目 run
2021-12-04 12:30:15,647: DEBUG: ---------- 関数.get 実行 ----------
2021-12-04 12:30:15,648: DEBUG: [実行元]C:\Users\kizuk\Desktop\git\python-garage\auto_manga_check\app.py 58行目 <module>
2021-12-04 12:30:15,648: DEBUG: [実行元]C:\Users\kizuk\Desktop\git\python-garage\auto_manga_check\app.py 39行目 run
2021-12-04 12:30:17,134: DEBUG: ---------- 関数.ec_wait_selector 実行 ----------
2021-12-04 12:30:17,136: DEBUG: [実行元]C:\Users\kizuk\Desktop\git\python-garage\auto_manga_check\app.py 58行目 <module>
2021-12-04 12:30:17,136: DEBUG: [実行元]C:\Users\kizuk\Desktop\git\python-garage\auto_manga_check\app.py 40行目 run
2021-12-04 12:30:18,163: DEBUG: ---------- 関数.quit 実行 ----------
2021-12-04 12:30:18,164: DEBUG: [実行元]C:\Users\kizuk\Desktop\git\python-garage\auto_manga_check\app.py 58行目 <module>
2021-12-04 12:30:18,164: DEBUG: [実行元]C:\Users\kizuk\Desktop\git\python-garage\auto_manga_check\app.py 54行目 run
2021-12-04 12:36:30,180: WARNING: ##################################################
2021-12-04 12:36:30,180: WARNING: # クラス.EasySelenium 実行. 呼び出し元:C:\Users\kizuk\Desktop\git\python-garage\auto_manga_check\app.py #
2021-12-04 12:36:30,180: WARNING: ##################################################
2021-12-04 12:36:30,181: DEBUG: ---------- 関数.get 実行 ----------
2021-12-04 12:36:30,182: DEBUG: [実行元]C:\Users\kizuk\Desktop\git\python-garage\auto_manga_check\app.py 58行目 <module>
2021-12-04 12:36:30,182: DEBUG: [実行元]C:\Users\kizuk\Desktop\git\python-garage\auto_manga_check\app.py 39行目 run
2021-12-04 12:36:32,472: DEBUG: ---------- 関数.ec_wait_selector 実行 ----------
2021-12-04 12:36:32,474: DEBUG: [実行元]C:\Users\kizuk\Desktop\git\python-garage\auto_manga_check\app.py 58行目 <module>
2021-12-04 12:36:32,475: DEBUG: [実行元]C:\Users\kizuk\Desktop\git\python-garage\auto_manga_check\app.py 40行目 run
2021-12-04 12:36:32,757: DEBUG: ---------- 関数.get 実行 ----------
2021-12-04 12:36:32,759: DEBUG: [実行元]C:\Users\kizuk\Desktop\git\python-garage\auto_manga_check\app.py 58行目 <module>
2021-12-04 12:36:32,759: DEBUG: [実行元]C:\Users\kizuk\Desktop\git\python-garage\auto_manga_check\app.py 39行目 run
2021-12-04 12:36:34,348: DEBUG: ---------- 関数.ec_wait_selector 実行 ----------
2021-12-04 12:36:34,349: DEBUG: [実行元]C:\Users\kizuk\Desktop\git\python-garage\auto_manga_check\app.py 58行目 <module>
2021-12-04 12:36:34,349: DEBUG: [実行元]C:\Users\kizuk\Desktop\git\python-garage\auto_manga_check\app.py 40行目 run
2021-12-04 12:36:34,852: DEBUG: ---------- 関数.get 実行 ----------
2021-12-04 12:36:34,853: DEBUG: [実行元]C:\Users\kizuk\Desktop\git\python-garage\auto_manga_check\app.py 58行目 <module>
2021-12-04 12:36:34,853: DEBUG: [実行元]C:\Users\kizuk\Desktop\git\python-garage\auto_manga_check\app.py 39行目 run
2021-12-04 12:36:36,379: DEBUG: ---------- 関数.ec_wait_selector 実行 ----------
2021-12-04 12:36:36,380: DEBUG: [実行元]C:\Users\kizuk\Desktop\git\python-garage\auto_manga_check\app.py 58行目 <module>
2021-12-04 12:36:36,380: DEBUG: [実行元]C:\Users\kizuk\Desktop\git\python-garage\auto_manga_check\app.py 40行目 run
2021-12-04 12:36:36,729: DEBUG: ---------- 関数.get 実行 ----------
2021-12-04 12:36:36,730: DEBUG: [実行元]C:\Users\kizuk\Desktop\git\python-garage\auto_manga_check\app.py 58行目 <module>
2021-12-04 12:36:36,730: DEBUG: [実行元]C:\Users\kizuk\Desktop\git\python-garage\auto_manga_check\app.py 39行目 run
2021-12-04 12:36:38,184: DEBUG: ---------- 関数.ec_wait_selector 実行 ----------
2021-12-04 12:36:38,185: DEBUG: [実行元]C:\Users\kizuk\Desktop\git\python-garage\auto_manga_check\app.py 58行目 <module>
2021-12-04 12:36:38,185: DEBUG: [実行元]C:\Users\kizuk\Desktop\git\python-garage\auto_manga_check\app.py 40行目 run
2021-12-04 12:36:38,714: DEBUG: ---------- 関数.get 実行 ----------
2021-12-04 12:36:38,715: DEBUG: [実行元]C:\Users\kizuk\Desktop\git\python-garage\auto_manga_check\app.py 58行目 <module>
2021-12-04 12:36:38,715: DEBUG: [実行元]C:\Users\kizuk\Desktop\git\python-garage\auto_manga_check\app.py 39行目 run
2021-12-04 12:36:40,125: DEBUG: ---------- 関数.ec_wait_selector 実行 ----------
2021-12-04 12:36:40,126: DEBUG: [実行元]C:\Users\kizuk\Desktop\git\python-garage\auto_manga_check\app.py 58行目 <module>
2021-12-04 12:36:40,126: DEBUG: [実行元]C:\Users\kizuk\Desktop\git\python-garage\auto_manga_check\app.py 40行目 run
2021-12-04 12:36:40,431: DEBUG: ---------- 関数.get 実行 ----------
2021-12-04 12:36:40,432: DEBUG: [実行元]C:\Users\kizuk\Desktop\git\python-garage\auto_manga_check\app.py 58行目 <module>
2021-12-04 12:36:40,432: DEBUG: [実行元]C:\Users\kizuk\Desktop\git\python-garage\auto_manga_check\app.py 39行目 run
2021-12-04 12:36:41,908: DEBUG: ---------- 関数.ec_wait_selector 実行 ----------
2021-12-04 12:36:41,909: DEBUG: [実行元]C:\Users\kizuk\Desktop\git\python-garage\auto_manga_check\app.py 58行目 <module>
2021-12-04 12:36:41,909: DEBUG: [実行元]C:\Users\kizuk\Desktop\git\python-garage\auto_manga_check\app.py 40行目 run
2021-12-04 12:36:42,146: DEBUG: ---------- 関数.get 実行 ----------
2021-12-04 12:36:42,147: DEBUG: [実行元]C:\Users\kizuk\Desktop\git\python-garage\auto_manga_check\app.py 58行目 <module>
2021-12-04 12:36:42,147: DEBUG: [実行元]C:\Users\kizuk\Desktop\git\python-garage\auto_manga_check\app.py 39行目 run
2021-12-04 12:36:43,604: DEBUG: ---------- 関数.ec_wait_selector 実行 ----------
2021-12-04 12:36:43,607: DEBUG: [実行元]C:\Users\kizuk\Desktop\git\python-garage\auto_manga_check\app.py 58行目 <module>
2021-12-04 12:36:43,608: DEBUG: [実行元]C:\Users\kizuk\Desktop\git\python-garage\auto_manga_check\app.py 40行目 run
2021-12-04 12:36:43,874: DEBUG: ---------- 関数.get 実行 ----------
2021-12-04 12:36:43,875: DEBUG: [実行元]C:\Users\kizuk\Desktop\git\python-garage\auto_manga_check\app.py 58行目 <module>
2021-12-04 12:36:43,875: DEBUG: [実行元]C:\Users\kizuk\Desktop\git\python-garage\auto_manga_check\app.py 39行目 run
2021-12-04 12:36:45,475: DEBUG: ---------- 関数.ec_wait_selector 実行 ----------
2021-12-04 12:36:45,475: DEBUG: [実行元]C:\Users\kizuk\Desktop\git\python-garage\auto_manga_check\app.py 58行目 <module>
2021-12-04 12:36:45,475: DEBUG: [実行元]C:\Users\kizuk\Desktop\git\python-garage\auto_manga_check\app.py 40行目 run
2021-12-04 12:36:45,749: DEBUG: ---------- 関数.get 実行 ----------
2021-12-04 12:36:45,750: DEBUG: [実行元]C:\Users\kizuk\Desktop\git\python-garage\auto_manga_check\app.py 58行目 <module>
2021-12-04 12:36:45,750: DEBUG: [実行元]C:\Users\kizuk\Desktop\git\python-garage\auto_manga_check\app.py 39行目 run
2021-12-04 12:36:47,195: DEBUG: ---------- 関数.ec_wait_selector 実行 ----------
2021-12-04 12:36:47,196: DEBUG: [実行元]C:\Users\kizuk\Desktop\git\python-garage\auto_manga_check\app.py 58行目 <module>
2021-12-04 12:36:47,196: DEBUG: [実行元]C:\Users\kizuk\Desktop\git\python-garage\auto_manga_check\app.py 40行目 run
2021-12-04 12:36:47,457: DEBUG: ---------- 関数.get 実行 ----------
2021-12-04 12:36:47,458: DEBUG: [実行元]C:\Users\kizuk\Desktop\git\python-garage\auto_manga_check\app.py 58行目 <module>
2021-12-04 12:36:47,458: DEBUG: [実行元]C:\Users\kizuk\Desktop\git\python-garage\auto_manga_check\app.py 39行目 run
2021-12-04 12:36:48,907: DEBUG: ---------- 関数.ec_wait_selector 実行 ----------
2021-12-04 12:36:48,908: DEBUG: [実行元]C:\Users\kizuk\Desktop\git\python-garage\auto_manga_check\app.py 58行目 <module>
2021-12-04 12:36:48,908: DEBUG: [実行元]C:\Users\kizuk\Desktop\git\python-garage\auto_manga_check\app.py 40行目 run
2021-12-04 12:36:49,227: DEBUG: ---------- 関数.get 実行 ----------
2021-12-04 12:36:49,228: DEBUG: [実行元]C:\Users\kizuk\Desktop\git\python-garage\auto_manga_check\app.py 58行目 <module>
2021-12-04 12:36:49,228: DEBUG: [実行元]C:\Users\kizuk\Desktop\git\python-garage\auto_manga_check\app.py 39行目 run
2021-12-04 12:36:50,666: DEBUG: ---------- 関数.ec_wait_selector 実行 ----------
2021-12-04 12:36:50,667: DEBUG: [実行元]C:\Users\kizuk\Desktop\git\python-garage\auto_manga_check\app.py 58行目 <module>
2021-12-04 12:36:50,667: DEBUG: [実行元]C:\Users\kizuk\Desktop\git\python-garage\auto_manga_check\app.py 40行目 run
2021-12-04 12:36:52,199: DEBUG: ---------- 関数.get 実行 ----------
2021-12-04 12:36:52,200: DEBUG: [実行元]C:\Users\kizuk\Desktop\git\python-garage\auto_manga_check\app.py 58行目 <module>
2021-12-04 12:36:52,200: DEBUG: [実行元]C:\Users\kizuk\Desktop\git\python-garage\auto_manga_check\app.py 39行目 run
2021-12-04 12:36:53,661: DEBUG: ---------- 関数.ec_wait_selector 実行 ----------
2021-12-04 12:36:53,662: DEBUG: [実行元]C:\Users\kizuk\Desktop\git\python-garage\auto_manga_check\app.py 58行目 <module>
2021-12-04 12:36:53,662: DEBUG: [実行元]C:\Users\kizuk\Desktop\git\python-garage\auto_manga_check\app.py 40行目 run
2021-12-04 12:36:54,496: DEBUG: ---------- 関数.get 実行 ----------
2021-12-04 12:36:54,497: DEBUG: [実行元]C:\Users\kizuk\Desktop\git\python-garage\auto_manga_check\app.py 58行目 <module>
2021-12-04 12:36:54,497: DEBUG: [実行元]C:\Users\kizuk\Desktop\git\python-garage\auto_manga_check\app.py 39行目 run
2021-12-04 12:36:55,958: DEBUG: ---------- 関数.ec_wait_selector 実行 ----------
2021-12-04 12:36:55,959: DEBUG: [実行元]C:\Users\kizuk\Desktop\git\python-garage\auto_manga_check\app.py 58行目 <module>
2021-12-04 12:36:55,959: DEBUG: [実行元]C:\Users\kizuk\Desktop\git\python-garage\auto_manga_check\app.py 40行目 run
2021-12-04 12:36:56,314: DEBUG: ---------- 関数.get 実行 ----------
2021-12-04 12:36:56,314: DEBUG: [実行元]C:\Users\kizuk\Desktop\git\python-garage\auto_manga_check\app.py 58行目 <module>
2021-12-04 12:36:56,315: DEBUG: [実行元]C:\Users\kizuk\Desktop\git\python-garage\auto_manga_check\app.py 39行目 run
2021-12-04 12:36:57,757: DEBUG: ---------- 関数.ec_wait_selector 実行 ----------
2021-12-04 12:36:57,758: DEBUG: [実行元]C:\Users\kizuk\Desktop\git\python-garage\auto_manga_check\app.py 58行目 <module>
2021-12-04 12:36:57,758: DEBUG: [実行元]C:\Users\kizuk\Desktop\git\python-garage\auto_manga_check\app.py 40行目 run
2021-12-04 12:36:58,667: DEBUG: ---------- 関数.quit 実行 ----------
2021-12-04 12:36:58,670: DEBUG: [実行元]C:\Users\kizuk\Desktop\git\python-garage\auto_manga_check\app.py 58行目 <module>
2021-12-04 12:36:58,670: DEBUG: [実行元]C:\Users\kizuk\Desktop\git\python-garage\auto_manga_check\app.py 54行目 run
