2021-12-04 11:49:30,260: DEBUG: manga loop start
2021-12-04 11:49:36,541: DEBUG: manga loop end
2021-12-04 11:49:36,541: DEBUG: manga loop start
2021-12-04 12:04:13,135: DEBUG: manga loop start
2021-12-04 12:04:19,198: DEBUG: manga loop end
2021-12-04 12:04:19,198: DEBUG: manga loop start
2021-12-04 12:10:46,212: DEBUG: manga loop start
2021-12-04 12:10:48,795: DEBUG: manga loop end
2021-12-04 12:10:48,796: DEBUG: manga loop start
2021-12-04 12:10:50,869: DEBUG: manga loop end
2021-12-04 12:10:50,869: DEBUG: manga loop start
2021-12-04 12:10:52,697: DEBUG: manga loop end
2021-12-04 12:10:52,697: DEBUG: manga loop start
2021-12-04 12:10:54,741: DEBUG: manga loop end
2021-12-04 12:10:54,741: DEBUG: manga loop start
2021-12-04 12:10:56,472: DEBUG: manga loop end
2021-12-04 12:10:56,472: DEBUG: manga loop start
2021-12-04 12:10:58,152: DEBUG: manga loop end
2021-12-04 12:10:58,152: DEBUG: manga loop start
2021-12-04 12:10:59,910: DEBUG: manga loop end
2021-12-04 12:10:59,911: DEBUG: manga loop start
2021-12-04 12:11:01,722: DEBUG: manga loop end
2021-12-04 12:11:01,722: DEBUG: manga loop start
2021-12-04 12:11:03,401: DEBUG: manga loop end
2021-12-04 12:11:03,402: DEBUG: manga loop start
2021-12-04 12:11:05,174: DEBUG: manga loop end
2021-12-04 12:11:05,174: DEBUG: manga loop start
2021-12-04 12:11:08,083: DEBUG: manga loop end
2021-12-04 12:11:08,083: DEBUG: manga loop start
2021-12-04 12:11:10,356: DEBUG: manga loop end
2021-12-04 12:11:10,357: DEBUG: manga loop start
2021-12-04 12:11:12,127: DEBUG: manga loop end
2021-12-04 12:11:12,127: DEBUG: manga loop start
2021-12-04 12:11:14,031: DEBUG: manga loop end
2021-12-04 12:14:06,282: DEBUG: manga loop start
2021-12-04 12:14:09,117: DEBUG: manga loop end
2021-12-04 12:14:09,117: DEBUG: manga loop start
2021-12-04 12:14:11,237: DEBUG: manga loop end
2021-12-04 12:14:11,237: DEBUG: manga loop start
2021-12-04 12:14:13,073: DEBUG: manga loop end
2021-12-04 12:14:13,073: DEBUG: manga loop start
2021-12-04 12:14:15,269: DEBUG: manga loop end
2021-12-04 12:14:15,269: DEBUG: manga loop start
2021-12-04 12:14:16,997: DEBUG: manga loop end
2021-12-04 12:14:16,997: DEBUG: manga loop start
2021-12-04 12:14:18,685: DEBUG: manga loop end
2021-12-04 12:14:18,685: DEBUG: manga loop start
2021-12-04 12:14:20,513: DEBUG: manga loop end
2021-12-04 12:14:20,513: DEBUG: manga loop start
2021-12-04 12:14:22,249: DEBUG: manga loop end
2021-12-04 12:14:22,249: DEBUG: manga loop start
2021-12-04 12:14:24,000: DEBUG: manga loop end
2021-12-04 12:14:24,000: DEBUG: manga loop start
2021-12-04 12:14:25,764: DEBUG: manga loop end
2021-12-04 12:14:25,764: DEBUG: manga loop start
2021-12-04 12:14:28,715: DEBUG: manga loop end
2021-12-04 12:14:28,715: DEBUG: manga loop start
2021-12-04 12:14:30,996: DEBUG: manga loop end
2021-12-04 12:14:30,997: DEBUG: manga loop start
2021-12-04 12:14:32,889: DEBUG: manga loop end
2021-12-04 12:14:32,889: DEBUG: manga loop start
2021-12-04 12:14:34,817: DEBUG: manga loop end
2021-12-04 12:14:37,362: DEBUG: manga loop start
2021-12-04 12:29:02,528: DEBUG: manga loop start
2021-12-04 12:29:05,207: DEBUG: manga loop end
2021-12-04 12:29:05,207: DEBUG: manga loop start
2021-12-04 12:29:07,484: DEBUG: manga loop end
2021-12-04 12:29:07,485: DEBUG: manga loop start
2021-12-04 12:29:09,515: DEBUG: manga loop end
2021-12-04 12:29:09,515: DEBUG: manga loop start
2021-12-04 12:29:11,600: DEBUG: manga loop end
2021-12-04 12:29:11,600: DEBUG: manga loop start
2021-12-04 12:29:13,442: DEBUG: manga loop end
2021-12-04 12:29:13,442: DEBUG: manga loop start
2021-12-04 12:29:15,273: DEBUG: manga loop end
2021-12-04 12:29:15,273: DEBUG: manga loop start
2021-12-04 12:29:17,185: DEBUG: manga loop end
2021-12-04 12:29:17,186: DEBUG: manga loop start
2021-12-04 12:29:19,058: DEBUG: manga loop end
2021-12-04 12:29:19,058: DEBUG: manga loop start
2021-12-04 12:29:20,888: DEBUG: manga loop end
2021-12-04 12:29:20,889: DEBUG: manga loop start
2021-12-04 12:29:22,838: DEBUG: manga loop end
2021-12-04 12:29:22,839: DEBUG: manga loop start
2021-12-04 12:29:25,914: DEBUG: manga loop end
2021-12-04 12:29:25,915: DEBUG: manga loop start
2021-12-04 12:29:28,375: DEBUG: manga loop end
2021-12-04 12:29:28,375: DEBUG: manga loop start
2021-12-04 12:29:30,339: DEBUG: manga loop end
2021-12-04 12:29:30,339: DEBUG: manga loop start
2021-12-04 12:29:32,325: DEBUG: manga loop end
2021-12-04 12:29:47,449: DEBUG: manga loop start
2021-12-04 12:29:49,928: DEBUG: manga loop end
2021-12-04 12:29:49,928: DEBUG: manga loop start
2021-12-04 12:29:52,217: DEBUG: manga loop end
2021-12-04 12:29:52,217: DEBUG: manga loop start
2021-12-04 12:29:54,519: DEBUG: manga loop end
2021-12-04 12:29:54,519: DEBUG: manga loop start
2021-12-04 12:29:56,631: DEBUG: manga loop end
2021-12-04 12:29:56,631: DEBUG: manga loop start
2021-12-04 12:29:58,514: DEBUG: manga loop end
2021-12-04 12:29:58,514: DEBUG: manga loop start
2021-12-04 12:30:00,464: DEBUG: manga loop end
2021-12-04 12:30:00,464: DEBUG: manga loop start
2021-12-04 12:30:02,296: DEBUG: manga loop end
2021-12-04 12:30:02,296: DEBUG: manga loop start
2021-12-04 12:30:04,168: DEBUG: manga loop end
2021-12-04 12:30:04,168: DEBUG: manga loop start
2021-12-04 12:30:06,046: DEBUG: manga loop end
2021-12-04 12:30:06,047: DEBUG: manga loop start
2021-12-04 12:30:07,972: DEBUG: manga loop end
2021-12-04 12:30:07,972: DEBUG: manga loop start
2021-12-04 12:30:11,168: DEBUG: manga loop end
2021-12-04 12:30:11,168: DEBUG: manga loop start
2021-12-04 12:30:13,641: DEBUG: manga loop end
2021-12-04 12:30:13,642: DEBUG: manga loop start
2021-12-04 12:30:15,647: DEBUG: manga loop end
2021-12-04 12:30:15,647: DEBUG: manga loop start
2021-12-04 12:30:17,692: DEBUG: manga loop end
2021-12-04 12:36:30,181: DEBUG: manga loop start
2021-12-04 12:36:32,757: DEBUG: manga loop end
2021-12-04 12:36:32,757: DEBUG: manga loop start
2021-12-04 12:36:34,851: DEBUG: manga loop end
2021-12-04 12:36:34,852: DEBUG: manga loop start
2021-12-04 12:36:36,729: DEBUG: manga loop end
2021-12-04 12:36:36,729: DEBUG: manga loop start
2021-12-04 12:36:38,713: DEBUG: manga loop end
2021-12-04 12:36:38,714: DEBUG: manga loop start
2021-12-04 12:36:40,430: DEBUG: manga loop end
2021-12-04 12:36:40,431: DEBUG: manga loop start
2021-12-04 12:36:42,146: DEBUG: manga loop end
2021-12-04 12:36:42,146: DEBUG: manga loop start
2021-12-04 12:36:43,873: DEBUG: manga loop end
2021-12-04 12:36:43,874: DEBUG: manga loop start
2021-12-04 12:36:45,748: DEBUG: manga loop end
2021-12-04 12:36:45,749: DEBUG: manga loop start
2021-12-04 12:36:47,457: DEBUG: manga loop end
2021-12-04 12:36:47,457: DEBUG: manga loop start
2021-12-04 12:36:49,226: DEBUG: manga loop end
2021-12-04 12:36:49,227: DEBUG: manga loop start
2021-12-04 12:36:52,199: DEBUG: manga loop end
2021-12-04 12:36:52,199: DEBUG: manga loop start
2021-12-04 12:36:54,496: DEBUG: manga loop end
2021-12-04 12:36:54,496: DEBUG: manga loop start
2021-12-04 12:36:56,313: DEBUG: manga loop end
2021-12-04 12:36:56,313: DEBUG: manga loop start
2021-12-04 12:36:58,179: DEBUG: manga loop end
2021-12-07 10:59:01,847: DEBUG: manga loop start
2021-12-07 10:59:04,664: DEBUG: manga loop end
2021-12-07 10:59:04,665: DEBUG: manga loop start
2021-12-07 10:59:06,824: DEBUG: manga loop end
2021-12-07 10:59:06,825: DEBUG: manga loop start
2021-12-07 10:59:08,831: DEBUG: manga loop end
2021-12-07 10:59:08,831: DEBUG: manga loop start
2021-12-07 10:59:10,824: DEBUG: manga loop end
2021-12-07 10:59:10,824: DEBUG: manga loop start
2021-12-07 10:59:12,570: DEBUG: manga loop end
2021-12-07 10:59:12,570: DEBUG: manga loop start
2021-12-07 10:59:14,341: DEBUG: manga loop end
2021-12-07 10:59:14,341: DEBUG: manga loop start
2021-12-07 10:59:16,084: DEBUG: manga loop end
2021-12-07 10:59:16,085: DEBUG: manga loop start
2021-12-07 10:59:17,807: DEBUG: manga loop end
2021-12-07 10:59:17,807: DEBUG: manga loop start
2021-12-07 10:59:19,500: DEBUG: manga loop end
2021-12-07 10:59:19,501: DEBUG: manga loop start
2021-12-07 10:59:21,225: DEBUG: manga loop end
2021-12-07 10:59:21,225: DEBUG: manga loop start
2021-12-07 10:59:24,117: DEBUG: manga loop end
2021-12-07 10:59:24,117: DEBUG: manga loop start
2021-12-07 10:59:26,307: DEBUG: manga loop end
2021-12-07 10:59:26,308: DEBUG: manga loop start
2021-12-07 10:59:28,222: DEBUG: manga loop end
2021-12-07 10:59:28,222: DEBUG: manga loop start
2021-12-07 10:59:30,131: DEBUG: manga loop end
2021-12-10 14:46:54,008: DEBUG: manga loop start
2021-12-10 14:46:56,691: DEBUG: manga loop end
2021-12-10 14:46:56,691: DEBUG: manga loop start
2021-12-10 14:46:58,951: DEBUG: manga loop end
2021-12-10 14:46:58,951: DEBUG: manga loop start
2021-12-10 14:47:00,795: DEBUG: manga loop end
2021-12-10 14:47:00,795: DEBUG: manga loop start
2021-12-10 14:47:02,936: DEBUG: manga loop end
2021-12-10 14:47:02,936: DEBUG: manga loop start
2021-12-10 14:47:04,724: DEBUG: manga loop end
2021-12-10 14:47:04,724: DEBUG: manga loop start
2021-12-10 14:47:06,403: DEBUG: manga loop end
2021-12-10 14:47:06,404: DEBUG: manga loop start
2021-12-10 14:47:08,135: DEBUG: manga loop end
2021-12-10 14:47:08,135: DEBUG: manga loop start
2021-12-10 14:47:10,015: DEBUG: manga loop end
2021-12-10 14:47:10,015: DEBUG: manga loop start
2021-12-10 14:47:11,746: DEBUG: manga loop end
2021-12-10 14:47:11,747: DEBUG: manga loop start
2021-12-10 14:47:13,549: DEBUG: manga loop end
2021-12-10 14:47:13,549: DEBUG: manga loop start
2021-12-10 14:47:16,570: DEBUG: manga loop end
2021-12-10 14:47:16,570: DEBUG: manga loop start
2021-12-10 14:47:19,051: DEBUG: manga loop end
2021-12-10 14:47:19,051: DEBUG: manga loop start
2021-12-10 14:47:20,988: DEBUG: manga loop end
2021-12-10 14:47:20,988: DEBUG: manga loop start
2021-12-10 14:47:22,894: DEBUG: manga loop end
2021-12-27 23:31:34,533: DEBUG: manga loop start
2021-12-27 23:31:37,174: DEBUG: manga loop end
2021-12-27 23:31:37,174: DEBUG: manga loop start
2021-12-27 23:31:39,341: DEBUG: manga loop end
2021-12-27 23:31:39,342: DEBUG: manga loop start
2021-12-27 23:31:41,228: DEBUG: manga loop end
2021-12-27 23:31:41,228: DEBUG: manga loop start
2021-12-27 23:31:43,286: DEBUG: manga loop end
2021-12-27 23:31:43,286: DEBUG: manga loop start
2021-12-27 23:31:45,090: DEBUG: manga loop end
2021-12-27 23:31:45,090: DEBUG: manga loop start
2021-12-27 23:31:46,835: DEBUG: manga loop end
2021-12-27 23:31:46,835: DEBUG: manga loop start
2021-12-27 23:31:48,570: DEBUG: manga loop end
2021-12-27 23:31:48,571: DEBUG: manga loop start
2021-12-27 23:31:50,417: DEBUG: manga loop end
2021-12-27 23:31:50,417: DEBUG: manga loop start
2021-12-27 23:31:52,147: DEBUG: manga loop end
2021-12-27 23:31:52,147: DEBUG: manga loop start
2021-12-27 23:31:53,932: DEBUG: manga loop end
2021-12-27 23:31:53,932: DEBUG: manga loop start
2021-12-27 23:31:56,747: DEBUG: manga loop end
2021-12-27 23:31:56,747: DEBUG: manga loop start
2021-12-27 23:31:59,067: DEBUG: manga loop end
2021-12-27 23:31:59,067: DEBUG: manga loop start
2021-12-27 23:32:00,918: DEBUG: manga loop end
2021-12-27 23:32:00,919: DEBUG: manga loop start
2021-12-27 23:32:02,844: DEBUG: manga loop end
2021-12-27 23:32:22,813: DEBUG: manga loop start
2021-12-27 23:32:25,264: DEBUG: manga loop end
2021-12-27 23:32:25,264: DEBUG: manga loop start
2021-12-27 23:32:27,481: DEBUG: manga loop end
2021-12-27 23:32:27,481: DEBUG: manga loop start
2021-12-27 23:32:29,340: DEBUG: manga loop end
2021-12-27 23:32:29,340: DEBUG: manga loop start
2021-12-27 23:32:31,389: DEBUG: manga loop end
2021-12-27 23:32:31,389: DEBUG: manga loop start
2021-12-27 23:32:33,163: DEBUG: manga loop end
2021-12-27 23:32:33,163: DEBUG: manga loop start
2021-12-27 23:32:34,873: DEBUG: manga loop end
2021-12-27 23:32:34,873: DEBUG: manga loop start
2021-12-27 23:32:36,584: DEBUG: manga loop end
2021-12-27 23:32:36,585: DEBUG: manga loop start
2021-12-27 23:32:38,456: DEBUG: manga loop end
2021-12-27 23:32:38,456: DEBUG: manga loop start
2021-12-27 23:32:40,229: DEBUG: manga loop end
2021-12-27 23:32:40,229: DEBUG: manga loop start
2021-12-27 23:32:42,006: DEBUG: manga loop end
2021-12-27 23:32:42,006: DEBUG: manga loop start
2021-12-27 23:32:44,939: DEBUG: manga loop end
2021-12-27 23:32:44,939: DEBUG: manga loop start
2021-12-27 23:32:47,156: DEBUG: manga loop end
2021-12-27 23:32:47,156: DEBUG: manga loop start
2021-12-27 23:32:49,008: DEBUG: manga loop end
2021-12-27 23:32:49,008: DEBUG: manga loop start
2021-12-27 23:32:51,025: DEBUG: manga loop end
2021-12-28 00:14:32,828: DEBUG: manga loop start
2021-12-28 00:14:35,621: DEBUG: manga loop end
2021-12-28 00:14:35,622: DEBUG: manga loop start
2021-12-28 00:14:37,916: DEBUG: manga loop end
2021-12-28 00:14:37,917: DEBUG: manga loop start
2021-12-28 00:14:39,833: DEBUG: manga loop end
2021-12-28 00:14:39,834: DEBUG: manga loop start
2021-12-28 00:14:41,820: DEBUG: manga loop end
2021-12-28 00:14:41,820: DEBUG: manga loop start
2021-12-28 00:14:43,629: DEBUG: manga loop end
2021-12-28 00:14:43,629: DEBUG: manga loop start
2021-12-28 00:14:45,380: DEBUG: manga loop end
2021-12-28 00:14:45,380: DEBUG: manga loop start
2021-12-28 00:14:47,093: DEBUG: manga loop end
2021-12-28 00:14:47,094: DEBUG: manga loop start
2021-12-28 00:14:48,828: DEBUG: manga loop end
2021-12-28 00:14:48,828: DEBUG: manga loop start
2021-12-28 00:14:50,614: DEBUG: manga loop end
2021-12-28 00:14:50,614: DEBUG: manga loop start
2021-12-28 00:14:52,454: DEBUG: manga loop end
2021-12-28 00:14:52,454: DEBUG: manga loop start
2021-12-28 00:14:55,442: DEBUG: manga loop end
2021-12-28 00:14:55,442: DEBUG: manga loop start
2021-12-28 00:14:57,629: DEBUG: manga loop end
2021-12-28 00:14:57,630: DEBUG: manga loop start
2021-12-28 00:14:59,511: DEBUG: manga loop end
2021-12-28 00:14:59,511: DEBUG: manga loop start
2021-12-28 00:15:01,430: DEBUG: manga loop end
2021-12-28 00:15:01,430: DEBUG: manga loop start
2021-12-28 00:15:03,226: DEBUG: manga loop end
2021-12-28 00:15:03,226: DEBUG: manga loop start
2021-12-28 00:15:04,884: DEBUG: manga loop end
2021-12-28 00:15:04,884: DEBUG: 
abiss:https://manga1001.com/%e3%80%90%e7%ac%ac79%e8%a9%b1%e3%80%91%e5%b0%91%e5%b9%b4%e3%81%ae%e3%82%a2%e3%83%93%e3%82%b9-raw/
semel:https://manga1001.com/%e3%80%90%e7%ac%ac13-1%e8%a9%b1%e3%80%91%e3%82%bb%e3%83%a1%e3%83%ab%e3%83%91%e3%83%ab%e3%82%b9-raw/
2021-12-28 21:20:41,901: DEBUG: manga loop end
2021-12-28 21:20:44,024: DEBUG: manga loop end
2021-12-28 21:20:45,997: DEBUG: manga loop end
2021-12-28 21:20:48,044: DEBUG: manga loop end
2021-12-28 21:20:49,910: DEBUG: manga loop end
2021-12-28 21:20:51,652: DEBUG: manga loop end
2021-12-28 21:20:53,468: DEBUG: manga loop end
2021-12-28 21:20:55,154: DEBUG: manga loop end
2021-12-28 21:20:56,945: DEBUG: manga loop end
2021-12-28 21:20:58,844: DEBUG: manga loop end
2021-12-28 21:21:01,944: DEBUG: manga loop end
2021-12-28 21:21:04,169: DEBUG: manga loop end
2021-12-28 21:21:05,953: DEBUG: manga loop end
2021-12-28 21:21:07,805: DEBUG: manga loop end
2021-12-28 21:21:09,558: DEBUG: manga loop end
2021-12-28 21:21:11,258: DEBUG: manga loop end
2021-12-28 21:21:11,258: DEBUG: 
guilty:https://manga1001.com/%e3%80%90%e7%ac%ac31%e8%a9%b1%e3%80%91%e3%82%ae%e3%83%ab%e3%83%86%e3%82%a3%e3%82%b5%e3%83%bc%e3%82%af%e3%83%ab-raw/
